TN:
SF:src/app.ts
FN:17,(anonymous_10)
FN:30,(anonymous_11)
FN:35,(anonymous_12)
FN:43,(anonymous_13)
FNF:4
FNH:4
FNDA:1,(anonymous_10)
FNDA:1,(anonymous_11)
FNDA:2,(anonymous_12)
FNDA:1,(anonymous_13)
DA:1,1
DA:2,1
DA:3,1
DA:5,1
DA:6,1
DA:7,1
DA:9,1
DA:11,1
DA:13,1
DA:14,1
DA:17,1
DA:18,1
DA:25,1
DA:26,1
DA:27,1
DA:30,1
DA:31,1
DA:35,1
DA:36,2
DA:43,1
DA:44,1
DA:45,1
DA:51,1
LF:23
LH:23
BRF:0
BRH:0
end_of_record
TN:
SF:src/middleware/auth.ts
FN:7,(anonymous_1)
FNF:1
FNH:1
FNDA:4,(anonymous_1)
DA:2,2
DA:5,2
DA:7,2
DA:8,4
DA:9,4
DA:10,2
DA:11,2
DA:14,2
DA:15,2
DA:16,2
DA:17,1
DA:18,1
DA:20,1
LF:13
LH:13
BRDA:5,0,0,2
BRDA:5,0,1,1
BRDA:9,1,0,2
BRDA:9,2,0,4
BRDA:9,2,1,3
BRF:5
BRH:5
end_of_record
TN:
SF:src/modules/auth/auth.controller.ts
FN:4,(anonymous_0)
FN:34,(anonymous_1)
FNF:2
FNH:2
FNDA:4,(anonymous_0)
FNDA:4,(anonymous_1)
DA:1,2
DA:4,2
DA:5,4
DA:6,4
DA:8,4
DA:9,1
DA:11,3
DA:12,1
DA:14,2
DA:15,1
DA:18,1
DA:19,1
DA:28,0
DA:34,2
DA:35,4
DA:36,4
DA:38,4
DA:39,1
DA:41,3
DA:42,1
DA:45,2
DA:46,1
DA:56,1
LF:23
LH:22
BRDA:8,0,0,1
BRDA:11,1,0,1
BRDA:14,2,0,1
BRDA:38,3,0,1
BRDA:41,4,0,1
BRF:5
BRH:5
end_of_record
TN:
SF:src/modules/auth/auth.routes.ts
FN:6,(anonymous_0)
FN:10,(anonymous_1)
FNF:2
FNH:2
FNDA:1,(anonymous_0)
FNDA:1,(anonymous_1)
DA:1,2
DA:2,2
DA:4,2
DA:6,2
DA:7,1
DA:10,2
DA:11,1
DA:14,2
LF:8
LH:8
BRF:0
BRH:0
end_of_record
TN:
SF:src/modules/auth/auth.service.ts
FN:10,(anonymous_1)
FN:30,(anonymous_2)
FNF:2
FNH:2
FNDA:2,(anonymous_1)
FNDA:3,(anonymous_2)
DA:1,3
DA:2,3
DA:4,3
DA:6,3
DA:8,3
DA:10,3
DA:11,2
DA:14,2
DA:15,1
DA:18,1
DA:19,1
DA:27,1
DA:30,3
DA:31,3
DA:34,3
DA:35,1
DA:38,2
DA:39,2
DA:40,1
DA:43,1
DA:45,1
LF:21
LH:21
BRDA:8,0,0,3
BRDA:8,0,1,1
BRDA:14,1,0,1
BRDA:34,2,0,1
BRDA:39,3,0,1
BRF:5
BRH:5
end_of_record
TN:
SF:src/modules/expenses/expenses.controller.ts
FN:6,(anonymous_0)
FN:26,(anonymous_1)
FN:62,(anonymous_2)
FN:73,(anonymous_3)
FN:88,(anonymous_4)
FNF:5
FNH:5
FNDA:5,(anonymous_0)
FNDA:6,(anonymous_1)
FNDA:2,(anonymous_2)
FNDA:3,(anonymous_3)
FNDA:3,(anonymous_4)
DA:2,2
DA:3,2
DA:6,2
DA:7,5
DA:8,5
DA:9,5
DA:10,1
DA:11,1
DA:13,4
DA:14,1
DA:15,1
DA:18,3
DA:20,2
DA:22,1
DA:26,2
DA:27,6
DA:28,6
DA:36,6
DA:37,6
DA:38,1
DA:39,1
DA:41,5
DA:42,1
DA:43,1
DA:46,4
DA:48,3
DA:58,1
DA:62,2
DA:63,2
DA:64,2
DA:65,2
DA:66,1
DA:68,1
DA:73,2
DA:74,3
DA:75,3
DA:76,3
DA:77,1
DA:78,1
DA:81,2
DA:82,1
DA:84,1
DA:88,2
DA:89,3
DA:90,3
DA:91,3
DA:92,1
DA:93,1
DA:96,2
DA:97,2
DA:99,1
DA:101,1
LF:52
LH:52
BRDA:9,0,0,1
BRDA:13,1,0,1
BRDA:13,2,0,4
BRDA:13,2,1,2
BRDA:30,3,0,6
BRDA:30,3,1,2
BRDA:30,4,0,6
BRDA:30,4,1,2
BRDA:31,5,0,6
BRDA:31,5,1,2
BRDA:37,6,0,1
BRDA:41,7,0,1
BRDA:41,8,0,5
BRDA:41,8,1,5
BRDA:52,9,0,3
BRDA:52,9,1,3
BRDA:52,10,0,3
BRDA:52,10,1,0
BRDA:53,11,0,3
BRDA:53,11,1,0
BRDA:54,12,0,3
BRDA:54,12,1,0
BRDA:76,13,0,1
BRDA:91,14,0,1
BRF:24
BRH:21
end_of_record
TN:
SF:src/modules/expenses/expenses.routes.ts
FNF:0
FNH:0
DA:1,2
DA:2,2
DA:3,2
DA:5,2
DA:7,2
DA:8,2
DA:9,2
DA:10,2
DA:11,2
DA:13,2
LF:10
LH:10
BRF:0
BRH:0
end_of_record
TN:
SF:src/modules/expenses/expenses.service.ts
FN:6,(anonymous_0)
FN:17,(anonymous_1)
FN:35,(anonymous_2)
FN:66,(anonymous_3)
FN:77,(anonymous_4)
FN:79,(anonymous_5)
FN:92,(anonymous_6)
FN:107,(anonymous_7)
FN:118,(anonymous_8)
FN:120,(anonymous_9)
FN:132,(anonymous_10)
FNF:11
FNH:11
FNDA:1,(anonymous_0)
FNDA:2,(anonymous_1)
FNDA:1,(anonymous_2)
FNDA:1,(anonymous_3)
FNDA:1,(anonymous_4)
FNDA:2,(anonymous_5)
FNDA:1,(anonymous_6)
FNDA:2,(anonymous_7)
FNDA:2,(anonymous_8)
FNDA:4,(anonymous_9)
FNDA:2,(anonymous_10)
DA:1,3
DA:4,3
DA:6,3
DA:7,1
DA:18,2
DA:32,1
DA:35,3
DA:36,1
DA:38,1
DA:63,1
DA:66,3
DA:67,1
DA:75,1
DA:77,1
DA:78,1
DA:79,1
DA:80,2
DA:82,1
DA:83,1
DA:84,1
DA:85,1
DA:89,1
DA:92,3
DA:93,1
DA:107,3
DA:108,2
DA:116,2
DA:118,2
DA:119,2
DA:120,2
DA:121,4
DA:122,2
DA:125,4
DA:126,0
DA:132,2
DA:133,2
DA:136,2
LF:37
LH:36
BRDA:13,0,0,1
BRDA:13,0,1,0
BRDA:80,1,0,1
BRDA:82,2,0,1
BRDA:82,2,1,1
BRDA:83,3,0,1
BRDA:83,3,1,1
BRDA:84,4,0,1
BRDA:84,4,1,1
BRDA:85,5,0,1
BRDA:85,5,1,1
BRDA:109,6,0,1
BRDA:109,6,1,1
BRDA:121,7,0,2
BRDA:121,8,0,4
BRDA:121,8,1,2
BRDA:122,9,0,2
BRDA:122,9,1,2
BRDA:125,10,0,0
BRDA:125,11,0,4
BRDA:125,11,1,0
BRDA:126,12,0,0
BRDA:126,12,1,0
BRDA:133,13,0,0
BRF:24
BRH:18
end_of_record
TN:
SF:src/modules/groups/groups.controller.ts
FN:4,(anonymous_0)
FN:23,(anonymous_1)
FN:39,(anonymous_2)
FN:53,(anonymous_3)
FN:77,(anonymous_4)
FNF:5
FNH:5
FNDA:3,(anonymous_0)
FNDA:3,(anonymous_1)
FNDA:3,(anonymous_2)
FNDA:4,(anonymous_3)
FNDA:3,(anonymous_4)
DA:2,2
DA:4,2
DA:5,3
DA:6,3
DA:7,3
DA:8,1
DA:9,1
DA:12,2
DA:14,1
DA:19,1
DA:23,2
DA:24,3
DA:25,3
DA:26,3
DA:27,1
DA:28,1
DA:31,2
DA:33,1
DA:35,1
DA:39,2
DA:40,3
DA:41,3
DA:42,3
DA:43,2
DA:44,1
DA:47,2
DA:49,1
DA:53,2
DA:54,4
DA:55,4
DA:56,4
DA:58,4
DA:59,1
DA:60,1
DA:63,3
DA:65,2
DA:66,1
DA:67,1
DA:70,1
DA:71,1
DA:73,1
DA:77,2
DA:78,3
DA:79,3
DA:81,3
DA:82,2
DA:83,1
DA:84,1
DA:87,1
DA:88,1
DA:90,1
LF:51
LH:51
BRDA:7,0,0,1
BRDA:26,1,0,1
BRDA:43,2,0,1
BRDA:58,3,0,1
BRDA:65,4,0,1
BRDA:82,5,0,1
BRF:6
BRH:6
end_of_record
TN:
SF:src/modules/groups/groups.routes.ts
FNF:0
FNH:0
DA:1,2
DA:2,2
DA:3,2
DA:5,2
DA:7,2
DA:8,2
DA:10,2
DA:11,2
DA:13,2
DA:15,2
LF:10
LH:10
BRF:0
BRH:0
end_of_record
TN:
SF:src/modules/groups/groups.service.ts
FN:6,(anonymous_0)
FN:24,(anonymous_1)
FN:50,(anonymous_2)
FN:72,(anonymous_3)
FN:83,(anonymous_4)
FN:92,(anonymous_5)
FNF:6
FNH:6
FNDA:1,(anonymous_0)
FNDA:1,(anonymous_1)
FNDA:1,(anonymous_2)
FNDA:2,(anonymous_3)
FNDA:1,(anonymous_4)
FNDA:1,(anonymous_5)
DA:1,4
DA:4,4
DA:6,4
DA:7,1
DA:21,1
DA:24,4
DA:25,1
DA:50,4
DA:51,1
DA:72,4
DA:73,2
DA:80,2
DA:83,4
DA:84,1
DA:92,4
DA:93,1
LF:16
LH:16
BRF:0
BRH:0
end_of_record
